<?xml version="1.0" encoding="UTF-8"?>
<!-- Generated by org.testng.reporters.JUnitXMLReporter -->
<testsuite ignored="0" hostname="DESKTOP-4AI5N7R" failures="0" tests="4" name="Default test" time="12.614" errors="0" timestamp="2023-11-11T16:37:32 IST">
  <testcase classname="api.test.PetTest" name="testAddPet" time="6.022"/>
  <testcase classname="api.test.PetTest" name="testReadPet" time="2.016"/>
  <testcase classname="api.test.PetTest" name="testUpdatePet" time="2.575"/>
  <testcase classname="api.test.PetTest" name="testDeletePet" time="1.884"/>
</testsuite> <!-- Default test -->
