<?xml version="1.0" encoding="UTF-8"?>
<!-- Generated by org.testng.reporters.JUnitXMLReporter -->
<testsuite ignored="0" hostname="DESKTOP-4AI5N7R" failures="0" tests="4" name="Default test" time="13.769" errors="0" timestamp="2023-11-12T11:01:02 IST">
  <testcase classname="api.test.PetTest" name="testAddPet" time="6.477"/>
  <testcase classname="api.test.PetTest" name="testReadPet" time="2.003"/>
  <testcase classname="api.test.PetTest" name="testUpdatePet" time="2.849"/>
  <testcase classname="api.test.PetTest" name="testDeletePet" time="2.305"/>
</testsuite> <!-- Default test -->
