<?xml version="1.0" encoding="UTF-8"?>
<!-- Generated by org.testng.reporters.JUnitXMLReporter -->
<testsuite ignored="0" hostname="DESKTOP-4AI5N7R" failures="0" tests="12" name="Test" time="40.6" errors="0" timestamp="2023-11-12T11:19:32 IST">
  <testcase classname="api.test.PetTest" name="testAddPet" time="11.566"/>
  <testcase classname="api.test.PetTest" name="testReadPet" time="2.072"/>
  <testcase classname="api.test.PetTest" name="testUpdatePet" time="3.857"/>
  <testcase classname="api.test.PetTest" name="testDeletePet" time="2.493"/>
  <testcase classname="api.test.UserTests" name="testPostUser" time="2.896"/>
  <testcase classname="api.test.UserTests" name="testGetUserByName" time="2.092"/>
  <testcase classname="api.test.UserTests" name="testUpdateUserByName" time="4.464"/>
  <testcase classname="api.test.UserTests" name="deleteUserByName" time="1.868"/>
  <testcase classname="api.test.StoreTests" name="testPlaceOrder" time="2.395"/>
  <testcase classname="api.test.StoreTests" name="testGetPlaceOrder" time="1.884"/>
  <testcase classname="api.test.StoreTests" name="testGetInventoryOrder" time="1.854"/>
  <testcase classname="api.test.StoreTests" name="testDeleteOrder" time="1.849"/>
</testsuite> <!-- Test -->
