<?xml version="1.0" encoding="UTF-8"?>
<!-- Generated by org.testng.reporters.JUnitXMLReporter -->
<testsuite ignored="0" hostname="DESKTOP-4AI5N7R" failures="0" tests="12" name="Test" time="27.752" errors="0" timestamp="2023-11-11T16:38:23 IST">
  <testcase classname="api.test.PetTest" name="testAddPet" time="5.892"/>
  <testcase classname="api.test.PetTest" name="testReadPet" time="1.845"/>
  <testcase classname="api.test.PetTest" name="testUpdatePet" time="2.856"/>
  <testcase classname="api.test.PetTest" name="testDeletePet" time="1.649"/>
  <testcase classname="api.test.UserTests" name="testPostUser" time="1.637"/>
  <testcase classname="api.test.UserTests" name="testGetUserByName" time="1.565"/>
  <testcase classname="api.test.UserTests" name="testUpdateUserByName" time="3.386"/>
  <testcase classname="api.test.UserTests" name="deleteUserByName" time="1.588"/>
  <testcase classname="api.test.StoreTests" name="testPlaceOrder" time="1.72"/>
  <testcase classname="api.test.StoreTests" name="testGetPlaceOrder" time="1.659"/>
  <testcase classname="api.test.StoreTests" name="testGetInventoryOrder" time="1.688"/>
  <testcase classname="api.test.StoreTests" name="testDeleteOrder" time="1.566"/>
</testsuite> <!-- Test -->
