<?xml version="1.0" encoding="UTF-8"?>
<!-- Generated by org.testng.reporters.JUnitXMLReporter -->
<testsuite ignored="0" hostname="DESKTOP-4AI5N7R" failures="0" tests="12" name="Test" time="34.757" errors="0" timestamp="2023-11-11T18:48:09 IST">
  <testcase classname="api.test.PetTest" name="testAddPet" time="10.78"/>
  <testcase classname="api.test.PetTest" name="testReadPet" time="1.599"/>
  <testcase classname="api.test.PetTest" name="testUpdatePet" time="3.751"/>
  <testcase classname="api.test.PetTest" name="testDeletePet" time="1.506"/>
  <testcase classname="api.test.UserTests" name="testPostUser" time="1.485"/>
  <testcase classname="api.test.UserTests" name="testGetUserByName" time="1.54"/>
  <testcase classname="api.test.UserTests" name="testUpdateUserByName" time="3.138"/>
  <testcase classname="api.test.UserTests" name="deleteUserByName" time="1.475"/>
  <testcase classname="api.test.StoreTests" name="testPlaceOrder" time="1.605"/>
  <testcase classname="api.test.StoreTests" name="testGetPlaceOrder" time="1.602"/>
  <testcase classname="api.test.StoreTests" name="testGetInventoryOrder" time="1.474"/>
  <testcase classname="api.test.StoreTests" name="testDeleteOrder" time="1.639"/>
</testsuite> <!-- Test -->
