<?xml version="1.0" encoding="UTF-8"?>
<testsuite xmlns:xsi="http://www.w3.org/2001/XMLSchema-instance" xsi:noNamespaceSchemaLocation="https://maven.apache.org/surefire/maven-surefire-plugin/xsd/surefire-test-report-3.0.xsd" version="3.0" name="TestSuite" time="37.555" tests="12" errors="0" skipped="0" failures="0">
  <properties>
[...]
</properties>
  <testcase name="testAddPet" classname="api.test.PetTest" time="10.909">
    <system-out><![CDATA[HTTP/1.1 404 Not Found
Date: Sat, 11 Nov 2023 13:17:43 GMT
Content-Type: application/json
Transfer-Encoding: chunked
Connection: keep-alive
Access-Control-Allow-Origin: *
Access-Control-Allow-Methods: GET, POST, DELETE, PUT
Access-Control-Allow-Headers: Content-Type, api_key, Authorization
Server: Jetty(9.2.9.v20150224)

{
    "code": 404,
    "type": "unknown",
    "message": "not found"
}
]]></system-out>
    <system-err><![CDATA[SLF4J: Failed to load class "org.slf4j.impl.StaticLoggerBinder".
SLF4J: Defaulting to no-operation (NOP) logger implementation
SLF4J: See http://www.slf4j.org/codes.html#StaticLoggerBinder for further details.
]]></system-err>
  </testcase>
  <testcase name="testReadPet" classname="api.test.PetTest" time="1.549">
    <system-out><![CDATA[HTTP/1.1 404 Not Found
Date: Sat, 11 Nov 2023 13:17:46 GMT
Content-Type: application/json
Transfer-Encoding: chunked
Connection: keep-alive
Access-Control-Allow-Origin: *
Access-Control-Allow-Methods: GET, POST, DELETE, PUT
Access-Control-Allow-Headers: Content-Type, api_key, Authorization
Server: Jetty(9.2.9.v20150224)

{
    "code": 1,
    "type": "error",
    "message": "Pet not found"
}
]]></system-out>
  </testcase>
  <testcase name="testUpdatePet" classname="api.test.PetTest" time="3.876">
    <system-out><![CDATA[HTTP/1.1 405 Method Not Allowed
Date: Sat, 11 Nov 2023 13:17:50 GMT
Content-Type: application/xml
Content-Length: 102
Connection: keep-alive
Access-Control-Allow-Origin: *
Access-Control-Allow-Methods: GET, POST, DELETE, PUT
Access-Control-Allow-Headers: Content-Type, api_key, Authorization
Server: Jetty(9.2.9.v20150224)

<apiResponse>
  <type>unknown</type>
</apiResponse>
]]></system-out>
  </testcase>
  <testcase name="testDeletePet" classname="api.test.PetTest" time="1.597">
    <system-out><![CDATA[HTTP/1.1 404 Not Found
Date: Sat, 11 Nov 2023 13:17:52 GMT
Content-Length: 0
Connection: keep-alive
Access-Control-Allow-Origin: *
Access-Control-Allow-Methods: GET, POST, DELETE, PUT
Access-Control-Allow-Headers: Content-Type, api_key, Authorization
Server: Jetty(9.2.9.v20150224)
]]></system-out>
  </testcase>
  <testcase name="testPostUser" classname="api.test.UserTests" time="1.514">
    <system-out><![CDATA[HTTP/1.1 200 OK
Date: Sat, 11 Nov 2023 13:17:56 GMT
Content-Type: application/json
Transfer-Encoding: chunked
Connection: keep-alive
Access-Control-Allow-Origin: *
Access-Control-Allow-Methods: GET, POST, DELETE, PUT
Access-Control-Allow-Headers: Content-Type, api_key, Authorization
Server: Jetty(9.2.9.v20150224)

{
    "code": 200,
    "type": "unknown",
    "message": "397416108"
}
200
]]></system-out>
  </testcase>
  <testcase name="testGetUserByName" classname="api.test.UserTests" time="1.559">
    <system-out><![CDATA[HTTP/1.1 200 OK
Date: Sat, 11 Nov 2023 13:17:57 GMT
Content-Type: application/json
Transfer-Encoding: chunked
Connection: keep-alive
Access-Control-Allow-Origin: *
Access-Control-Allow-Methods: GET, POST, DELETE, PUT
Access-Control-Allow-Headers: Content-Type, api_key, Authorization
Server: Jetty(9.2.9.v20150224)

{
    "id": 397416108,
    "username": "loura.abbott",
    "firstName": "Queenie",
    "lastName": "Kassulke",
    "email": "eloisa.damore@example.com",
    "password": "whzxrx8kn",
    "phone": "721-031-7902",
    "userStatus": 0
}
{
    "id": 397416108,
    "username": "loura.abbott",
    "firstName": "Queenie",
    "lastName": "Kassulke",
    "email": "eloisa.damore@example.com",
    "password": "whzxrx8kn",
    "phone": "721-031-7902",
    "userStatus": 0
}
]]></system-out>
  </testcase>
  <testcase name="testUpdateUserByName" classname="api.test.UserTests" time="3.13">
    <system-out><![CDATA[{
    "code": 200,
    "type": "unknown",
    "message": "397416108"
}
{
    "code": 200,
    "type": "unknown",
    "message": "397416108"
}
]]></system-out>
  </testcase>
  <testcase name="deleteUserByName" classname="api.test.UserTests" time="1.497">
    <system-out><![CDATA[{
    "code": 200,
    "type": "unknown",
    "message": "loura.abbott"
}
]]></system-out>
  </testcase>
  <testcase name="testPlaceOrder" classname="api.test.StoreTests" time="1.587">
    <system-out><![CDATA[HTTP/1.1 500 Server Error
{
    "code": 500,
    "type": "unknown",
    "message": "something bad happened"
}
]]></system-out>
  </testcase>
  <testcase name="testGetPlaceOrder" classname="api.test.StoreTests" time="1.684">
    <system-out><![CDATA[HTTP/1.1 404 Not Found
Date: Sat, 11 Nov 2023 13:18:05 GMT
Content-Type: application/json
Transfer-Encoding: chunked
Connection: keep-alive
Access-Control-Allow-Origin: *
Access-Control-Allow-Methods: GET, POST, DELETE, PUT
Access-Control-Allow-Headers: Content-Type, api_key, Authorization
Server: Jetty(9.2.9.v20150224)

{
    "code": 1,
    "type": "error",
    "message": "Order not found"
}
{
    "code": 1,
    "type": "error",
    "message": "Order not found"
}
]]></system-out>
  </testcase>
  <testcase name="testGetInventoryOrder" classname="api.test.StoreTests" time="1.39">
    <system-out><![CDATA[HTTP/1.1 200 OK
Date: Sat, 11 Nov 2023 13:18:07 GMT
Content-Type: application/json
Transfer-Encoding: chunked
Connection: keep-alive
Access-Control-Allow-Origin: *
Access-Control-Allow-Methods: GET, POST, DELETE, PUT
Access-Control-Allow-Headers: Content-Type, api_key, Authorization
Server: Jetty(9.2.9.v20150224)

{
    "sold": 3,
    "Vendido": 1,
    "aviable": 2,
    "string": 693,
    "unavailable": 2,
    "Reservado": 1,
    "pending": 4,
    "В стадии ожидания": 1,
    "available": 279,
    "not available": 1,
    "Disponível": 1
}
]]></system-out>
  </testcase>
  <testcase name="testDeleteOrder" classname="api.test.StoreTests" time="1.637">
    <system-out><![CDATA[HTTP/1.1 404 Not Found
Date: Sat, 11 Nov 2023 13:18:08 GMT
Content-Type: application/json
Transfer-Encoding: chunked
Connection: keep-alive
Access-Control-Allow-Origin: *
Access-Control-Allow-Methods: GET, POST, DELETE, PUT
Access-Control-Allow-Headers: Content-Type, api_key, Authorization
Server: Jetty(9.2.9.v20150224)

{
    "code": 404,
    "type": "unknown",
    "message": "Order Not Found"
}
]]></system-out>
  </testcase>
</testsuite>