<?xml version="1.0" encoding="UTF-8"?>
<testng-results ignored="0" total="12" passed="12" failed="0" skipped="0">
  <reporter-output>
  </reporter-output>
  <suite started-at="2023-11-11T18:47:34 IST" name="Suite" finished-at="2023-11-11T18:48:09 IST" duration-ms="34757">
    <groups>
    </groups>
    <test started-at="2023-11-11T18:47:34 IST" name="Test" finished-at="2023-11-11T18:48:09 IST" duration-ms="34757">
      <class name="api.test.PetTest">
        <test-method is-config="true" signature="setUp()[pri:0, instance:api.test.PetTest@43bc63a3]" started-at="2023-11-11T18:47:34 IST" name="setUp" finished-at="2023-11-11T18:47:34 IST" duration-ms="25" status="PASS">
          <reporter-output>
          </reporter-output>
        </test-method> <!-- setUp -->
        <test-method signature="testAddPet()[pri:1, instance:api.test.PetTest@43bc63a3]" started-at="2023-11-11T18:47:34 IST" name="testAddPet" finished-at="2023-11-11T18:47:45 IST" duration-ms="10780" status="PASS">
          <reporter-output>
          </reporter-output>
        </test-method> <!-- testAddPet -->
        <test-method signature="testReadPet()[pri:2, instance:api.test.PetTest@43bc63a3]" started-at="2023-11-11T18:47:45 IST" name="testReadPet" finished-at="2023-11-11T18:47:47 IST" duration-ms="1599" status="PASS">
          <reporter-output>
          </reporter-output>
        </test-method> <!-- testReadPet -->
        <test-method signature="testUpdatePet()[pri:3, instance:api.test.PetTest@43bc63a3]" started-at="2023-11-11T18:47:47 IST" name="testUpdatePet" finished-at="2023-11-11T18:47:51 IST" duration-ms="3751" status="PASS">
          <reporter-output>
          </reporter-output>
        </test-method> <!-- testUpdatePet -->
        <test-method signature="testDeletePet()[pri:4, instance:api.test.PetTest@43bc63a3]" started-at="2023-11-11T18:47:51 IST" name="testDeletePet" finished-at="2023-11-11T18:47:52 IST" duration-ms="1506" status="PASS">
          <reporter-output>
          </reporter-output>
        </test-method> <!-- testDeletePet -->
      </class> <!-- api.test.PetTest -->
      <class name="api.test.UserTests">
        <test-method is-config="true" signature="setUp()[pri:0, instance:api.test.UserTests@5b12b668]" started-at="2023-11-11T18:47:52 IST" name="setUp" finished-at="2023-11-11T18:47:55 IST" duration-ms="2525" status="PASS">
          <reporter-output>
          </reporter-output>
        </test-method> <!-- setUp -->
        <test-method signature="testPostUser()[pri:1, instance:api.test.UserTests@5b12b668]" started-at="2023-11-11T18:47:55 IST" name="testPostUser" finished-at="2023-11-11T18:47:57 IST" duration-ms="1485" status="PASS">
          <reporter-output>
          </reporter-output>
        </test-method> <!-- testPostUser -->
        <test-method signature="testGetUserByName()[pri:2, instance:api.test.UserTests@5b12b668]" started-at="2023-11-11T18:47:57 IST" name="testGetUserByName" finished-at="2023-11-11T18:47:58 IST" duration-ms="1540" status="PASS">
          <reporter-output>
          </reporter-output>
        </test-method> <!-- testGetUserByName -->
        <test-method signature="testUpdateUserByName()[pri:3, instance:api.test.UserTests@5b12b668]" started-at="2023-11-11T18:47:58 IST" name="testUpdateUserByName" finished-at="2023-11-11T18:48:01 IST" duration-ms="3138" status="PASS">
          <reporter-output>
          </reporter-output>
        </test-method> <!-- testUpdateUserByName -->
        <test-method signature="deleteUserByName()[pri:4, instance:api.test.UserTests@5b12b668]" started-at="2023-11-11T18:48:01 IST" name="deleteUserByName" finished-at="2023-11-11T18:48:03 IST" duration-ms="1475" status="PASS">
          <reporter-output>
          </reporter-output>
        </test-method> <!-- deleteUserByName -->
      </class> <!-- api.test.UserTests -->
      <class name="api.test.StoreTests">
        <test-method is-config="true" signature="SetUp()[pri:0, instance:api.test.StoreTests@1165b38]" started-at="2023-11-11T18:48:03 IST" name="SetUp" finished-at="2023-11-11T18:48:03 IST" duration-ms="13" status="PASS">
          <reporter-output>
          </reporter-output>
        </test-method> <!-- SetUp -->
        <test-method signature="testPlaceOrder()[pri:1, instance:api.test.StoreTests@1165b38]" started-at="2023-11-11T18:48:03 IST" name="testPlaceOrder" finished-at="2023-11-11T18:48:04 IST" duration-ms="1605" status="PASS">
          <reporter-output>
          </reporter-output>
        </test-method> <!-- testPlaceOrder -->
        <test-method signature="testGetPlaceOrder()[pri:2, instance:api.test.StoreTests@1165b38]" started-at="2023-11-11T18:48:04 IST" name="testGetPlaceOrder" finished-at="2023-11-11T18:48:06 IST" duration-ms="1602" status="PASS">
          <reporter-output>
          </reporter-output>
        </test-method> <!-- testGetPlaceOrder -->
        <test-method signature="testGetInventoryOrder()[pri:3, instance:api.test.StoreTests@1165b38]" started-at="2023-11-11T18:48:06 IST" name="testGetInventoryOrder" finished-at="2023-11-11T18:48:07 IST" duration-ms="1474" status="PASS">
          <reporter-output>
          </reporter-output>
        </test-method> <!-- testGetInventoryOrder -->
        <test-method signature="testDeleteOrder()[pri:4, instance:api.test.StoreTests@1165b38]" started-at="2023-11-11T18:48:07 IST" name="testDeleteOrder" finished-at="2023-11-11T18:48:09 IST" duration-ms="1639" status="PASS">
          <reporter-output>
          </reporter-output>
        </test-method> <!-- testDeleteOrder -->
      </class> <!-- api.test.StoreTests -->
    </test> <!-- Test -->
  </suite> <!-- Suite -->
</testng-results>
