<?xml version="1.0" encoding="UTF-8"?>
<testng-results ignored="0" total="12" passed="12" failed="0" skipped="0">
  <reporter-output>
  </reporter-output>
  <suite started-at="2023-11-11T16:39:02 IST" name="Suite" finished-at="2023-11-11T16:39:33 IST" duration-ms="30972">
    <groups>
    </groups>
    <test started-at="2023-11-11T16:39:02 IST" name="Test" finished-at="2023-11-11T16:39:33 IST" duration-ms="30972">
      <class name="api.test.PetTest">
        <test-method is-config="true" signature="setUp()[pri:0, instance:api.test.PetTest@47542153]" started-at="2023-11-11T16:39:02 IST" name="setUp" finished-at="2023-11-11T16:39:02 IST" duration-ms="36" status="PASS">
          <reporter-output>
          </reporter-output>
        </test-method> <!-- setUp -->
        <test-method signature="testAddPet()[pri:1, instance:api.test.PetTest@47542153]" started-at="2023-11-11T16:39:02 IST" name="testAddPet" finished-at="2023-11-11T16:39:09 IST" duration-ms="6700" status="PASS">
          <reporter-output>
          </reporter-output>
        </test-method> <!-- testAddPet -->
        <test-method signature="testReadPet()[pri:2, instance:api.test.PetTest@47542153]" started-at="2023-11-11T16:39:09 IST" name="testReadPet" finished-at="2023-11-11T16:39:10 IST" duration-ms="1699" status="PASS">
          <reporter-output>
          </reporter-output>
        </test-method> <!-- testReadPet -->
        <test-method signature="testUpdatePet()[pri:3, instance:api.test.PetTest@47542153]" started-at="2023-11-11T16:39:10 IST" name="testUpdatePet" finished-at="2023-11-11T16:39:14 IST" duration-ms="3402" status="PASS">
          <reporter-output>
          </reporter-output>
        </test-method> <!-- testUpdatePet -->
        <test-method signature="testDeletePet()[pri:4, instance:api.test.PetTest@47542153]" started-at="2023-11-11T16:39:14 IST" name="testDeletePet" finished-at="2023-11-11T16:39:16 IST" duration-ms="1799" status="PASS">
          <reporter-output>
          </reporter-output>
        </test-method> <!-- testDeletePet -->
      </class> <!-- api.test.PetTest -->
      <class name="api.test.UserTests">
        <test-method is-config="true" signature="setUp()[pri:0, instance:api.test.UserTests@63a65a25]" started-at="2023-11-11T16:39:16 IST" name="setUp" finished-at="2023-11-11T16:39:16 IST" duration-ms="493" status="PASS">
          <reporter-output>
          </reporter-output>
        </test-method> <!-- setUp -->
        <test-method signature="testPostUser()[pri:1, instance:api.test.UserTests@63a65a25]" started-at="2023-11-11T16:39:16 IST" name="testPostUser" finished-at="2023-11-11T16:39:18 IST" duration-ms="1964" status="PASS">
          <reporter-output>
          </reporter-output>
        </test-method> <!-- testPostUser -->
        <test-method signature="testGetUserByName()[pri:2, instance:api.test.UserTests@63a65a25]" started-at="2023-11-11T16:39:18 IST" name="testGetUserByName" finished-at="2023-11-11T16:39:20 IST" duration-ms="1774" status="PASS">
          <reporter-output>
          </reporter-output>
        </test-method> <!-- testGetUserByName -->
        <test-method signature="testUpdateUserByName()[pri:3, instance:api.test.UserTests@63a65a25]" started-at="2023-11-11T16:39:20 IST" name="testUpdateUserByName" finished-at="2023-11-11T16:39:23 IST" duration-ms="3191" status="PASS">
          <reporter-output>
          </reporter-output>
        </test-method> <!-- testUpdateUserByName -->
        <test-method signature="deleteUserByName()[pri:4, instance:api.test.UserTests@63a65a25]" started-at="2023-11-11T16:39:23 IST" name="deleteUserByName" finished-at="2023-11-11T16:39:25 IST" duration-ms="1681" status="PASS">
          <reporter-output>
          </reporter-output>
        </test-method> <!-- deleteUserByName -->
      </class> <!-- api.test.UserTests -->
      <class name="api.test.StoreTests">
        <test-method is-config="true" signature="SetUp()[pri:0, instance:api.test.StoreTests@54c562f7]" started-at="2023-11-11T16:39:25 IST" name="SetUp" finished-at="2023-11-11T16:39:25 IST" duration-ms="31" status="PASS">
          <reporter-output>
          </reporter-output>
        </test-method> <!-- SetUp -->
        <test-method signature="testPlaceOrder()[pri:1, instance:api.test.StoreTests@54c562f7]" started-at="2023-11-11T16:39:25 IST" name="testPlaceOrder" finished-at="2023-11-11T16:39:26 IST" duration-ms="1811" status="PASS">
          <reporter-output>
          </reporter-output>
        </test-method> <!-- testPlaceOrder -->
        <test-method signature="testGetPlaceOrder()[pri:2, instance:api.test.StoreTests@54c562f7]" started-at="2023-11-11T16:39:26 IST" name="testGetPlaceOrder" finished-at="2023-11-11T16:39:28 IST" duration-ms="1671" status="PASS">
          <reporter-output>
          </reporter-output>
        </test-method> <!-- testGetPlaceOrder -->
        <test-method signature="testGetInventoryOrder()[pri:3, instance:api.test.StoreTests@54c562f7]" started-at="2023-11-11T16:39:28 IST" name="testGetInventoryOrder" finished-at="2023-11-11T16:39:31 IST" duration-ms="2951" status="PASS">
          <reporter-output>
          </reporter-output>
        </test-method> <!-- testGetInventoryOrder -->
        <test-method signature="testDeleteOrder()[pri:4, instance:api.test.StoreTests@54c562f7]" started-at="2023-11-11T16:39:31 IST" name="testDeleteOrder" finished-at="2023-11-11T16:39:33 IST" duration-ms="1609" status="PASS">
          <reporter-output>
          </reporter-output>
        </test-method> <!-- testDeleteOrder -->
      </class> <!-- api.test.StoreTests -->
    </test> <!-- Test -->
  </suite> <!-- Suite -->
</testng-results>
