<?xml version="1.0" encoding="UTF-8"?>
<testng-results ignored="0" total="4" passed="4" failed="0" skipped="0">
  <reporter-output>
  </reporter-output>
  <suite started-at="2023-11-11T18:45:43 IST" name="Default suite" finished-at="2023-11-11T18:46:04 IST" duration-ms="20342">
    <groups>
    </groups>
    <test started-at="2023-11-11T18:45:43 IST" name="Default test" finished-at="2023-11-11T18:46:04 IST" duration-ms="20342">
      <class name="api.test.PetTest">
        <test-method is-config="true" signature="setUp()[pri:0, instance:api.test.PetTest@4681c175]" started-at="2023-11-11T18:45:43 IST" name="setUp" finished-at="2023-11-11T18:45:44 IST" duration-ms="13" status="PASS">
          <reporter-output>
          </reporter-output>
        </test-method> <!-- setUp -->
        <test-method signature="testAddPet()[pri:1, instance:api.test.PetTest@4681c175]" started-at="2023-11-11T18:45:44 IST" name="testAddPet" finished-at="2023-11-11T18:45:56 IST" duration-ms="12548" status="PASS">
          <reporter-output>
          </reporter-output>
        </test-method> <!-- testAddPet -->
        <test-method signature="testReadPet()[pri:2, instance:api.test.PetTest@4681c175]" started-at="2023-11-11T18:45:56 IST" name="testReadPet" finished-at="2023-11-11T18:45:58 IST" duration-ms="1646" status="PASS">
          <reporter-output>
          </reporter-output>
        </test-method> <!-- testReadPet -->
        <test-method signature="testUpdatePet()[pri:3, instance:api.test.PetTest@4681c175]" started-at="2023-11-11T18:45:58 IST" name="testUpdatePet" finished-at="2023-11-11T18:46:02 IST" duration-ms="4316" status="PASS">
          <reporter-output>
          </reporter-output>
        </test-method> <!-- testUpdatePet -->
        <test-method signature="testDeletePet()[pri:4, instance:api.test.PetTest@4681c175]" started-at="2023-11-11T18:46:02 IST" name="testDeletePet" finished-at="2023-11-11T18:46:04 IST" duration-ms="1661" status="PASS">
          <reporter-output>
          </reporter-output>
        </test-method> <!-- testDeletePet -->
      </class> <!-- api.test.PetTest -->
    </test> <!-- Default test -->
  </suite> <!-- Default suite -->
</testng-results>
